<?xml version="1.0" encoding="UTF-8"?>
<testng-results ignored="0" total="1" passed="1" failed="0" skipped="0">
  <reporter-output>
  </reporter-output>
  <suite started-at="2022-11-16T14:41:27 IST" name="Default suite" finished-at="2022-11-16T14:41:36 IST" duration-ms="8911">
    <groups>
    </groups>
    <test started-at="2022-11-16T14:41:27 IST" name="Default test" finished-at="2022-11-16T14:41:36 IST" duration-ms="8911">
      <class name="Test.LoginTest">
        <test-method is-config="true" signature="BrowserSetup()[pri:0, instance:Test.LoginTest@c88a337]" started-at="2022-11-16T14:41:27 IST" name="BrowserSetup" finished-at="2022-11-16T14:41:34 IST" duration-ms="7068" status="PASS">
          <reporter-output>
          </reporter-output>
        </test-method> <!-- BrowserSetup -->
        <test-method signature="login()[pri:0, instance:Test.LoginTest@c88a337]" started-at="2022-11-16T14:41:34 IST" name="login" finished-at="2022-11-16T14:41:35 IST" duration-ms="1460" status="PASS">
          <reporter-output>
          </reporter-output>
        </test-method> <!-- login -->
        <test-method is-config="true" signature="ClosingBrowser()[pri:0, instance:Test.LoginTest@c88a337]" started-at="2022-11-16T14:41:35 IST" name="ClosingBrowser" finished-at="2022-11-16T14:41:36 IST" duration-ms="304" status="PASS">
          <reporter-output>
          </reporter-output>
        </test-method> <!-- ClosingBrowser -->
      </class> <!-- Test.LoginTest -->
    </test> <!-- Default test -->
  </suite> <!-- Default suite -->
</testng-results>
